                      :-) GROMACS - gmx grompp, 2022.4 (-:

Executable:   /curc/sw/install/gromacs/2022.4/openmpi/4.1.1/gcc/11.2.0/bin/gmx
Data prefix:  /curc/sw/install/gromacs/2022.4/openmpi/4.1.1/gcc/11.2.0
Working dir:  /projects/juho8819/AlkaneDiffusion
Command line:
  gmx grompp -p water_2048.top -f min.mdp -c water_2048.gro -o min_water_2048.tpr


NOTE 1 [file min.mdp]:
  You have set rlist larger than the interaction cut-off, but you also have
  verlet-buffer-tolerance > 0. Will set rlist using verlet-buffer-tolerance.

Generating 1-4 interactions: fudge = 0.5
Number of degrees of freedom in T-Coupling group rest is 12285.00

NOTE 2 [file min.mdp]:
  The optimal PME mesh load for parallel simulations is below 0.5
  and for highly parallel simulations between 0.25 and 0.33,
  for higher performance, increase the cut-off and the PME grid spacing.



There were 2 notes

GROMACS reminds you: "Remember, being healthy is basically dying as slowly as possible." (Ricky Gervais)

Setting the LD random seed to -161517227

Generated 6 of the 6 non-bonded parameter combinations

Generated 6 of the 6 1-4 parameter combinations

Excluding 3 bonded neighbours molecule type 'TIP'
Analysing residue names:
There are:  2048      Water residues

The largest distance between excluded atoms is 0.154 nm
Calculating fourier grid dimensions for X Y Z
Using a fourier grid of 48x48x48, spacing 0.119 0.119 0.119

Estimate for the relative computational load of the PME mesh part: 0.58

This run will generate roughly 0 Mb of data
                      :-) GROMACS - gmx mdrun, 2022.4 (-:

Executable:   /curc/sw/install/gromacs/2022.4/openmpi/4.1.1/gcc/11.2.0/bin/gmx
Data prefix:  /curc/sw/install/gromacs/2022.4/openmpi/4.1.1/gcc/11.2.0
Working dir:  /projects/juho8819/AlkaneDiffusion
Command line:
  gmx mdrun -deffnm min_water_2048

Reading file min_water_2048.tpr, VERSION 2022.4 (single precision)
Using 1 MPI thread
Using 16 OpenMP threads 


Steepest Descents:
   Tolerance (Fmax)   =  1.00000e+01
   Number of steps    =           -1

step 23: One or more water molecules can not be settled.
Check for bad contacts and/or reduce the timestep if appropriate.
Wrote pdb files with previous and current coordinates

step 27: One or more water molecules can not be settled.
Check for bad contacts and/or reduce the timestep if appropriate.
Wrote pdb files with previous and current coordinates

step 32: One or more water molecules can not be settled.
Check for bad contacts and/or reduce the timestep if appropriate.
Wrote pdb files with previous and current coordinates

step 38: One or more water molecules can not be settled.
Check for bad contacts and/or reduce the timestep if appropriate.
Wrote pdb files with previous and current coordinates

step 41: One or more water molecules can not be settled.
Check for bad contacts and/or reduce the timestep if appropriate.
Wrote pdb files with previous and current coordinates

step 45: One or more water molecules can not be settled.
Check for bad contacts and/or reduce the timestep if appropriate.
Wrote pdb files with previous and current coordinates

step 51: One or more water molecules can not be settled.
Check for bad contacts and/or reduce the timestep if appropriate.
Wrote pdb files with previous and current coordinates

step 56: One or more water molecules can not be settled.
Check for bad contacts and/or reduce the timestep if appropriate.
Wrote pdb files with previous and current coordinates

step 60: One or more water molecules can not be settled.
Check for bad contacts and/or reduce the timestep if appropriate.
Wrote pdb files with previous and current coordinates

step 66: One or more water molecules can not be settled.
Check for bad contacts and/or reduce the timestep if appropriate.
Wrote pdb files with previous and current coordinates

step 70: One or more water molecules can not be settled.
Check for bad contacts and/or reduce the timestep if appropriate.
Wrote pdb files with previous and current coordinates

step 79: One or more water molecules can not be settled.
Check for bad contacts and/or reduce the timestep if appropriate.
Wrote pdb files with previous and current coordinates

step 84: One or more water molecules can not be settled.
Check for bad contacts and/or reduce the timestep if appropriate.
Wrote pdb files with previous and current coordinates

step 89: One or more water molecules can not be settled.
Check for bad contacts and/or reduce the timestep if appropriate.
Wrote pdb files with previous and current coordinates

step 94: One or more water molecules can not be settled.
Check for bad contacts and/or reduce the timestep if appropriate.
Wrote pdb files with previous and current coordinates

step 98: One or more water molecules can not be settled.
Check for bad contacts and/or reduce the timestep if appropriate.
Wrote pdb files with previous and current coordinates

step 103: One or more water molecules can not be settled.
Check for bad contacts and/or reduce the timestep if appropriate.
Wrote pdb files with previous and current coordinates

step 108: One or more water molecules can not be settled.
Check for bad contacts and/or reduce the timestep if appropriate.
Wrote pdb files with previous and current coordinates

step 113: One or more water molecules can not be settled.
Check for bad contacts and/or reduce the timestep if appropriate.
Wrote pdb files with previous and current coordinates

step 118: One or more water molecules can not be settled.
Check for bad contacts and/or reduce the timestep if appropriate.
Wrote pdb files with previous and current coordinates

step 122: One or more water molecules can not be settled.
Check for bad contacts and/or reduce the timestep if appropriate.
Wrote pdb files with previous and current coordinates

step 127: One or more water molecules can not be settled.
Check for bad contacts and/or reduce the timestep if appropriate.
Wrote pdb files with previous and current coordinates

step 132: One or more water molecules can not be settled.
Check for bad contacts and/or reduce the timestep if appropriate.
Wrote pdb files with previous and current coordinates

step 137: One or more water molecules can not be settled.
Check for bad contacts and/or reduce the timestep if appropriate.
Wrote pdb files with previous and current coordinates

step 142: One or more water molecules can not be settled.
Check for bad contacts and/or reduce the timestep if appropriate.
Wrote pdb files with previous and current coordinates

step 146: One or more water molecules can not be settled.
Check for bad contacts and/or reduce the timestep if appropriate.
Wrote pdb files with previous and current coordinates

step 151: One or more water molecules can not be settled.
Check for bad contacts and/or reduce the timestep if appropriate.
Wrote pdb files with previous and current coordinates

step 156: One or more water molecules can not be settled.
Check for bad contacts and/or reduce the timestep if appropriate.
Wrote pdb files with previous and current coordinates

step 161: One or more water molecules can not be settled.
Check for bad contacts and/or reduce the timestep if appropriate.
Wrote pdb files with previous and current coordinates

step 170: One or more water molecules can not be settled.
Check for bad contacts and/or reduce the timestep if appropriate.
Wrote pdb files with previous and current coordinates

step 175: One or more water molecules can not be settled.
Check for bad contacts and/or reduce the timestep if appropriate.
Wrote pdb files with previous and current coordinates

step 180: One or more water molecules can not be settled.
Check for bad contacts and/or reduce the timestep if appropriate.
Wrote pdb files with previous and current coordinates

step 185: One or more water molecules can not be settled.
Check for bad contacts and/or reduce the timestep if appropriate.
Wrote pdb files with previous and current coordinates

step 189: One or more water molecules can not be settled.
Check for bad contacts and/or reduce the timestep if appropriate.
Wrote pdb files with previous and current coordinates

step 194: One or more water molecules can not be settled.
Check for bad contacts and/or reduce the timestep if appropriate.
Wrote pdb files with previous and current coordinates

step 199: One or more water molecules can not be settled.
Check for bad contacts and/or reduce the timestep if appropriate.
Wrote pdb files with previous and current coordinates

step 204: One or more water molecules can not be settled.
Check for bad contacts and/or reduce the timestep if appropriate.
Wrote pdb files with previous and current coordinates

step 209: One or more water molecules can not be settled.
Check for bad contacts and/or reduce the timestep if appropriate.
Wrote pdb files with previous and current coordinates

step 214: One or more water molecules can not be settled.
Check for bad contacts and/or reduce the timestep if appropriate.
Wrote pdb files with previous and current coordinates

step 218: One or more water molecules can not be settled.
Check for bad contacts and/or reduce the timestep if appropriate.
Wrote pdb files with previous and current coordinates

step 223: One or more water molecules can not be settled.
Check for bad contacts and/or reduce the timestep if appropriate.
Wrote pdb files with previous and current coordinates

step 228: One or more water molecules can not be settled.
Check for bad contacts and/or reduce the timestep if appropriate.
Wrote pdb files with previous and current coordinates

step 238: One or more water molecules can not be settled.
Check for bad contacts and/or reduce the timestep if appropriate.
Wrote pdb files with previous and current coordinates

writing lowest energy coordinates.

Steepest Descents converged to Fmax < 10 in 15193 steps
Potential Energy  = -1.0156366e+05
Maximum force     =  8.7098312e+00 on atom 1975
Norm of force     =  8.2018213e-01

GROMACS reminds you: "What you do makes a difference, and you have to decide what kind of difference you want to make." (Jane Goodall)

                      :-) GROMACS - gmx grompp, 2022.4 (-:

Executable:   /curc/sw/install/gromacs/2022.4/openmpi/4.1.1/gcc/11.2.0/bin/gmx
Data prefix:  /curc/sw/install/gromacs/2022.4/openmpi/4.1.1/gcc/11.2.0
Working dir:  /projects/juho8819/AlkaneDiffusion
Command line:
  gmx grompp -p water_2048.top -f nvt1.mdp -c min_water_2048.gro -o nvt1_water_2048.tpr


NOTE 1 [file nvt1.mdp]:
  You have set rlist larger than the interaction cut-off, but you also have
  verlet-buffer-tolerance > 0. Will set rlist using verlet-buffer-tolerance.

Generating 1-4 interactions: fudge = 0.5
Number of degrees of freedom in T-Coupling group System is 12285.00

NOTE 2 [file nvt1.mdp]:
  The optimal PME mesh load for parallel simulations is below 0.5
  and for highly parallel simulations between 0.25 and 0.33,
  for higher performance, increase the cut-off and the PME grid spacing.



There were 2 notes

GROMACS reminds you: "What you do makes a difference, and you have to decide what kind of difference you want to make." (Jane Goodall)

Setting the LD random seed to -1281630227

Generated 6 of the 6 non-bonded parameter combinations

Generated 6 of the 6 1-4 parameter combinations

Excluding 3 bonded neighbours molecule type 'TIP'

turning H bonds into constraints...

Setting gen_seed to -303304907

Velocities were taken from a Maxwell distribution at 300 K
Analysing residue names:
There are:  2048      Water residues

The largest distance between excluded atoms is 0.153 nm

Determining Verlet buffer for a tolerance of 0.005 kJ/mol/ps at 300 K

Calculated rlist for 1x1 atom pair-list as 0.977 nm, buffer size 0.077 nm

Set rlist, assuming 4x4 atom pair-list, to 0.907 nm, buffer size 0.007 nm

Note that mdrun will redetermine rlist based on the actual pair-list setup
Calculating fourier grid dimensions for X Y Z
Using a fourier grid of 48x48x48, spacing 0.119 0.119 0.119

Estimate for the relative computational load of the PME mesh part: 0.58

This run will generate roughly 7 Mb of data
                      :-) GROMACS - gmx mdrun, 2022.4 (-:

Executable:   /curc/sw/install/gromacs/2022.4/openmpi/4.1.1/gcc/11.2.0/bin/gmx
Data prefix:  /curc/sw/install/gromacs/2022.4/openmpi/4.1.1/gcc/11.2.0
Working dir:  /projects/juho8819/AlkaneDiffusion
Command line:
  gmx mdrun -deffnm nvt1_water_2048

Reading file nvt1_water_2048.tpr, VERSION 2022.4 (single precision)
Changing nstlist from 40 to 100, rlist from 0.907 to 0.972

Using 1 MPI thread
Using 16 OpenMP threads 

starting mdrun 'FOO'
1000000 steps,   1000.0 ps.

Writing final coordinates.

               Core t (s)   Wall t (s)        (%)
       Time:     8724.513      545.291     1600.0
                 (ns/day)    (hour/ns)
Performance:      158.448        0.151

GROMACS reminds you: "Computers are like humans - they do everything except think." (John von Neumann)

                      :-) GROMACS - gmx grompp, 2022.4 (-:

Executable:   /curc/sw/install/gromacs/2022.4/openmpi/4.1.1/gcc/11.2.0/bin/gmx
Data prefix:  /curc/sw/install/gromacs/2022.4/openmpi/4.1.1/gcc/11.2.0
Working dir:  /projects/juho8819/AlkaneDiffusion
Command line:
  gmx grompp -p water_2048.top -f npt1.mdp -c nvt1_water_2048.gro -o npt1_water_2048.tpr


NOTE 1 [file npt1.mdp]:
  You have set rlist larger than the interaction cut-off, but you also have
  verlet-buffer-tolerance > 0. Will set rlist using verlet-buffer-tolerance.

Generating 1-4 interactions: fudge = 0.5
Number of degrees of freedom in T-Coupling group System is 12285.00

NOTE 2 [file npt1.mdp]:
  The optimal PME mesh load for parallel simulations is below 0.5
  and for highly parallel simulations between 0.25 and 0.33,
  for higher performance, increase the cut-off and the PME grid spacing.



There were 2 notes

GROMACS reminds you: "The Candlelight Was Just Right" (Beastie Boys)

Setting the LD random seed to -35856897

Generated 6 of the 6 non-bonded parameter combinations

Generated 6 of the 6 1-4 parameter combinations

Excluding 3 bonded neighbours molecule type 'TIP'

turning H bonds into constraints...

Setting gen_seed to -277889571

Velocities were taken from a Maxwell distribution at 300 K
Analysing residue names:
There are:  2048      Water residues

The largest distance between excluded atoms is 0.153 nm

Determining Verlet buffer for a tolerance of 0.005 kJ/mol/ps at 300 K

Calculated rlist for 1x1 atom pair-list as 0.977 nm, buffer size 0.077 nm

Set rlist, assuming 4x4 atom pair-list, to 0.907 nm, buffer size 0.007 nm

Note that mdrun will redetermine rlist based on the actual pair-list setup
Calculating fourier grid dimensions for X Y Z
Using a fourier grid of 48x48x48, spacing 0.119 0.119 0.119

Estimate for the relative computational load of the PME mesh part: 0.58

This run will generate roughly 13 Mb of data
                      :-) GROMACS - gmx mdrun, 2022.4 (-:

Executable:   /curc/sw/install/gromacs/2022.4/openmpi/4.1.1/gcc/11.2.0/bin/gmx
Data prefix:  /curc/sw/install/gromacs/2022.4/openmpi/4.1.1/gcc/11.2.0
Working dir:  /projects/juho8819/AlkaneDiffusion
Command line:
  gmx mdrun -deffnm npt1_water_2048

Reading file npt1_water_2048.tpr, VERSION 2022.4 (single precision)
Changing nstlist from 40 to 100, rlist from 0.907 to 0.972

Using 1 MPI thread
Using 16 OpenMP threads 

starting mdrun 'FOO'
1000000 steps,   1000.0 ps.
