                      :-) GROMACS - gmx grompp, 2022.4 (-:

Executable:   /curc/sw/install/gromacs/2022.4/openmpi/4.1.1/gcc/11.2.0/bin/gmx
Data prefix:  /curc/sw/install/gromacs/2022.4/openmpi/4.1.1/gcc/11.2.0
Working dir:  /projects/juho8819/AlkaneDiffusion
Command line:
  gmx grompp -p water_512.top -f min.mdp -c water_512.gro -o min_water_512.tpr


NOTE 1 [file min.mdp]:
  You have set rlist larger than the interaction cut-off, but you also have
  verlet-buffer-tolerance > 0. Will set rlist using verlet-buffer-tolerance.

Generating 1-4 interactions: fudge = 0.5
Number of degrees of freedom in T-Coupling group rest is 3069.00

NOTE 2 [file min.mdp]:
  The optimal PME mesh load for parallel simulations is below 0.5
  and for highly parallel simulations between 0.25 and 0.33,
  for higher performance, increase the cut-off and the PME grid spacing.



There were 2 notes

GROMACS reminds you: "After a few talks we usually sit down to do some work... or drinking." (Mike Klein)

Setting the LD random seed to 1987832827

Generated 6 of the 6 non-bonded parameter combinations

Generated 6 of the 6 1-4 parameter combinations

Excluding 3 bonded neighbours molecule type 'TIP'
Analysing residue names:
There are:   512      Water residues

The largest distance between excluded atoms is 0.154 nm
Calculating fourier grid dimensions for X Y Z
Using a fourier grid of 32x32x32, spacing 0.112 0.112 0.112

Estimate for the relative computational load of the PME mesh part: 0.59

This run will generate roughly 0 Mb of data
                      :-) GROMACS - gmx mdrun, 2022.4 (-:

Executable:   /curc/sw/install/gromacs/2022.4/openmpi/4.1.1/gcc/11.2.0/bin/gmx
Data prefix:  /curc/sw/install/gromacs/2022.4/openmpi/4.1.1/gcc/11.2.0
Working dir:  /projects/juho8819/AlkaneDiffusion
Command line:
  gmx mdrun -deffnm min_water_512

Reading file min_water_512.tpr, VERSION 2022.4 (single precision)
Using 1 MPI thread

Non-default thread affinity set, disabling internal thread affinity

Using 16 OpenMP threads 


Steepest Descents:
   Tolerance (Fmax)   =  1.00000e+01
   Number of steps    =           -1

step 21: One or more water molecules can not be settled.
Check for bad contacts and/or reduce the timestep if appropriate.
Wrote pdb files with previous and current coordinates

step 26: One or more water molecules can not be settled.
Check for bad contacts and/or reduce the timestep if appropriate.

Back Off! I just backed up step26b.pdb to ./#step26b.pdb.1#

Back Off! I just backed up step26c.pdb to ./#step26c.pdb.1#
Wrote pdb files with previous and current coordinates

step 31: One or more water molecules can not be settled.
Check for bad contacts and/or reduce the timestep if appropriate.

Back Off! I just backed up step31b.pdb to ./#step31b.pdb.1#

Back Off! I just backed up step31c.pdb to ./#step31c.pdb.1#
Wrote pdb files with previous and current coordinates

step 36: One or more water molecules can not be settled.
Check for bad contacts and/or reduce the timestep if appropriate.
Wrote pdb files with previous and current coordinates

step 41: One or more water molecules can not be settled.
Check for bad contacts and/or reduce the timestep if appropriate.

Back Off! I just backed up step41b.pdb to ./#step41b.pdb.2#

Back Off! I just backed up step41c.pdb to ./#step41c.pdb.2#
Wrote pdb files with previous and current coordinates

step 46: One or more water molecules can not be settled.
Check for bad contacts and/or reduce the timestep if appropriate.

Back Off! I just backed up step46b.pdb to ./#step46b.pdb.1#

Back Off! I just backed up step46c.pdb to ./#step46c.pdb.1#
Wrote pdb files with previous and current coordinates

step 50: One or more water molecules can not be settled.
Check for bad contacts and/or reduce the timestep if appropriate.

Back Off! I just backed up step50b.pdb to ./#step50b.pdb.1#

Back Off! I just backed up step50c.pdb to ./#step50c.pdb.1#
Wrote pdb files with previous and current coordinates

step 55: One or more water molecules can not be settled.
Check for bad contacts and/or reduce the timestep if appropriate.

Back Off! I just backed up step55b.pdb to ./#step55b.pdb.1#

Back Off! I just backed up step55c.pdb to ./#step55c.pdb.1#
Wrote pdb files with previous and current coordinates

step 60: One or more water molecules can not be settled.
Check for bad contacts and/or reduce the timestep if appropriate.

Back Off! I just backed up step60b.pdb to ./#step60b.pdb.1#

Back Off! I just backed up step60c.pdb to ./#step60c.pdb.1#
Wrote pdb files with previous and current coordinates

step 74: One or more water molecules can not be settled.
Check for bad contacts and/or reduce the timestep if appropriate.

Back Off! I just backed up step74b.pdb to ./#step74b.pdb.1#

Back Off! I just backed up step74c.pdb to ./#step74c.pdb.1#
Wrote pdb files with previous and current coordinates

writing lowest energy coordinates.

Steepest Descents converged to Fmax < 10 in 6825 steps
Potential Energy  = -2.5125031e+04
Maximum force     =  9.5415115e+00 on atom 466
Norm of force     =  1.7462553e+00

GROMACS reminds you: "Restraint! What possible restraint?" (Joseph Conrad)

                      :-) GROMACS - gmx grompp, 2022.4 (-:

Executable:   /curc/sw/install/gromacs/2022.4/openmpi/4.1.1/gcc/11.2.0/bin/gmx
Data prefix:  /curc/sw/install/gromacs/2022.4/openmpi/4.1.1/gcc/11.2.0
Working dir:  /projects/juho8819/AlkaneDiffusion
Command line:
  gmx grompp -p water_512.top -f nvt1.mdp -c min_water_512.gro -o nvt1_water_512.tpr


NOTE 1 [file nvt1.mdp]:
  You have set rlist larger than the interaction cut-off, but you also have
  verlet-buffer-tolerance > 0. Will set rlist using verlet-buffer-tolerance.

Generating 1-4 interactions: fudge = 0.5
Number of degrees of freedom in T-Coupling group System is 3069.00

NOTE 2 [file nvt1.mdp]:
  The optimal PME mesh load for parallel simulations is below 0.5
  and for highly parallel simulations between 0.25 and 0.33,
  for higher performance, increase the cut-off and the PME grid spacing.



There were 2 notes

GROMACS reminds you: "Restraint! What possible restraint?" (Joseph Conrad)

Setting the LD random seed to -134539285

Generated 6 of the 6 non-bonded parameter combinations

Generated 6 of the 6 1-4 parameter combinations

Excluding 3 bonded neighbours molecule type 'TIP'

turning H bonds into constraints...

Setting gen_seed to -213975169

Velocities were taken from a Maxwell distribution at 300 K
Analysing residue names:
There are:   512      Water residues

The largest distance between excluded atoms is 0.152 nm

Determining Verlet buffer for a tolerance of 0.005 kJ/mol/ps at 300 K

Calculated rlist for 1x1 atom pair-list as 0.978 nm, buffer size 0.078 nm

Set rlist, assuming 4x4 atom pair-list, to 0.907 nm, buffer size 0.007 nm

Note that mdrun will redetermine rlist based on the actual pair-list setup
Calculating fourier grid dimensions for X Y Z
Using a fourier grid of 32x32x32, spacing 0.112 0.112 0.112

Estimate for the relative computational load of the PME mesh part: 0.59

This run will generate roughly 5 Mb of data
                      :-) GROMACS - gmx mdrun, 2022.4 (-:

Executable:   /curc/sw/install/gromacs/2022.4/openmpi/4.1.1/gcc/11.2.0/bin/gmx
Data prefix:  /curc/sw/install/gromacs/2022.4/openmpi/4.1.1/gcc/11.2.0
Working dir:  /projects/juho8819/AlkaneDiffusion
Command line:
  gmx mdrun -deffnm nvt1_water_512

Reading file nvt1_water_512.tpr, VERSION 2022.4 (single precision)
Changing nstlist from 40 to 100, rlist from 0.907 to 0.972

Using 1 MPI thread

Non-default thread affinity set, disabling internal thread affinity

Using 16 OpenMP threads 

starting mdrun 'FOO'
1000000 steps,   1000.0 ps.

Writing final coordinates.

               Core t (s)   Wall t (s)        (%)
       Time:     3519.148      219.949     1600.0
                 (ns/day)    (hour/ns)
Performance:      392.819        0.061

GROMACS reminds you: "This is Tense !" (Star Wars Episode I The Phantom Menace)

                      :-) GROMACS - gmx grompp, 2022.4 (-:

Executable:   /curc/sw/install/gromacs/2022.4/openmpi/4.1.1/gcc/11.2.0/bin/gmx
Data prefix:  /curc/sw/install/gromacs/2022.4/openmpi/4.1.1/gcc/11.2.0
Working dir:  /projects/juho8819/AlkaneDiffusion
Command line:
  gmx grompp -p water_512.top -f npt1.mdp -c nvt1_water_512.gro -o npt1_water_512.tpr


NOTE 1 [file npt1.mdp]:
  You have set rlist larger than the interaction cut-off, but you also have
  verlet-buffer-tolerance > 0. Will set rlist using verlet-buffer-tolerance.

Generating 1-4 interactions: fudge = 0.5
Number of degrees of freedom in T-Coupling group System is 3069.00

NOTE 2 [file npt1.mdp]:
  The optimal PME mesh load for parallel simulations is below 0.5
  and for highly parallel simulations between 0.25 and 0.33,
  for higher performance, increase the cut-off and the PME grid spacing.



There were 2 notes

GROMACS reminds you: "Programming today is a race between software engineers striving to build bigger and better idiot-proof programs, and the universe trying to build bigger and better idiots. So far, the universe is winning." (Rick Cook)

Setting the LD random seed to -209813505

Generated 6 of the 6 non-bonded parameter combinations

Generated 6 of the 6 1-4 parameter combinations

Excluding 3 bonded neighbours molecule type 'TIP'

turning H bonds into constraints...

Setting gen_seed to 2130620860

Velocities were taken from a Maxwell distribution at 300 K
Analysing residue names:
There are:   512      Water residues

The largest distance between excluded atoms is 0.152 nm

Determining Verlet buffer for a tolerance of 0.005 kJ/mol/ps at 300 K

Calculated rlist for 1x1 atom pair-list as 0.978 nm, buffer size 0.078 nm

Set rlist, assuming 4x4 atom pair-list, to 0.907 nm, buffer size 0.007 nm

Note that mdrun will redetermine rlist based on the actual pair-list setup
Calculating fourier grid dimensions for X Y Z
Using a fourier grid of 32x32x32, spacing 0.112 0.112 0.112

Estimate for the relative computational load of the PME mesh part: 0.59

This run will generate roughly 6 Mb of data
                      :-) GROMACS - gmx mdrun, 2022.4 (-:

Executable:   /curc/sw/install/gromacs/2022.4/openmpi/4.1.1/gcc/11.2.0/bin/gmx
Data prefix:  /curc/sw/install/gromacs/2022.4/openmpi/4.1.1/gcc/11.2.0
Working dir:  /projects/juho8819/AlkaneDiffusion
Command line:
  gmx mdrun -deffnm npt1_water_512

Reading file npt1_water_512.tpr, VERSION 2022.4 (single precision)
Changing nstlist from 40 to 100, rlist from 0.907 to 0.972

Using 1 MPI thread

Non-default thread affinity set, disabling internal thread affinity

Using 16 OpenMP threads 

starting mdrun 'FOO'
1000000 steps,   1000.0 ps.

Writing final coordinates.

               Core t (s)   Wall t (s)        (%)
       Time:     4151.083      259.445     1600.0
                 (ns/day)    (hour/ns)
Performance:      333.019        0.072

GROMACS reminds you: "Numbers have life; they’re not just symbols on paper." (Shakuntala Devi)

