                      :-) GROMACS - gmx mdrun, 2023.1 (-:

Copyright 1991-2023 The GROMACS Authors.
GROMACS is free software; you can redistribute it and/or modify it
under the terms of the GNU Lesser General Public License
as published by the Free Software Foundation; either version 2.1
of the License, or (at your option) any later version.

                         Current GROMACS contributors:
       Mark Abraham           Andrey Alekseenko           Cathrine Bergh      
      Christian Blau            Eliane Briand             Mahesh Doijade      
    Stefan Fleischmann           Vytas Gapsys              Gaurav Garg        
      Sergey Gorelov         Gilles Gouaillardet            Alan Gray         
     M. Eric Irrgang         Farzaneh Jalalypour            Joe Jordan        
    Christoph Junghans        Prashanth Kanduri          Sebastian Keller     
     Carsten Kutzner           Justin A. Lemkul          Magnus Lundborg      
       Pascal Merz              Vedran Miletic            Dmitry Morozov      
       Szilard Pall             Roland Schulz             Michael Shirts      
     Alexey Shvetsov            Balint Soproni         David van der Spoel    
      Philip Turner             Carsten Uphoff           Alessandra Villa     
 Sebastian Wingbermuehle        Artem Zhmurov       

                         Previous GROMACS contributors:
        Emile Apol             Rossen Apostolov           James Barnett       
  Herman J.C. Berendsen          Par Bjelkmar           Viacheslav Bolnykh    
        Kevin Boyd            Aldert van Buuren          Carlo Camilloni      
     Rudi van Drunen            Anton Feenstra           Oliver Fleetwood     
     Gerrit Groenhof            Bert de Groot             Anca Hamuraru       
    Vincent Hindriksen          Victor Holanda           Aleksei Iupinov      
   Dimitrios Karkoulis           Peter Kasson             Sebastian Kehl      
        Jiri Kraus               Per Larsson              Viveca Lindahl      
      Erik Marklund           Pieter Meulenhoff           Teemu Murtola       
       Sander Pronk             Alfons Sijbers            Peter Tieleman      
       Jon Vincent             Teemu Virolainen         Christian Wennberg    
       Maarten Wolf       

                  Coordinated by the GROMACS project leaders:
                    Paul Bauer, Berk Hess, and Erik Lindahl

GROMACS:      gmx mdrun, version 2023.1
Executable:   /home/julianne/pkgs/gromacs-2023.1/bin/gmx
Data prefix:  /home/julianne/pkgs/gromacs-2023.1
Working dir:  /home/julianne/Desktop/OpenFFLipid/POPE
Process ID:   276105
Command line:
  gmx mdrun -deffnm pull

GROMACS version:    2023.1
Precision:          mixed
Memory model:       64 bit
MPI library:        thread_mpi
OpenMP support:     enabled (GMX_OPENMP_MAX_THREADS = 128)
GPU support:        disabled
SIMD instructions:  AVX2_256
CPU FFT library:    fftw-3.3.8-sse2-avx-avx2-avx2_128
GPU FFT library:    none
Multi-GPU FFT:      none
RDTSCP usage:       enabled
TNG support:        enabled
Hwloc support:      disabled
Tracing support:    disabled
C compiler:         /usr/bin/cc GNU 11.4.0
C compiler flags:   -fexcess-precision=fast -funroll-all-loops -mavx2 -mfma -Wno-missing-field-initializers -O3 -DNDEBUG
C++ compiler:       /usr/bin/c++ GNU 11.4.0
C++ compiler flags: -fexcess-precision=fast -funroll-all-loops -mavx2 -mfma -Wno-missing-field-initializers -Wno-cast-function-type-strict SHELL:-fopenmp -O3 -DNDEBUG
BLAS library:       External - detected on the system
LAPACK library:     External - detected on the system


Running on 1 node with total 8 cores, 16 processing units
Hardware detected on host torreys-peak:
  CPU info:
    Vendor: Intel
    Brand:  Intel(R) Xeon(R) Silver 4208 CPU @ 2.10GHz
    Family: 6   Model: 85   Stepping: 7
    Features: aes apic avx avx2 avx512f avx512cd avx512bw avx512vl clfsh cmov cx8 cx16 f16c fma htt intel lahf mmx msr nonstop_tsc pcid pclmuldq pdcm pdpe1gb popcnt pse rdrnd rdtscp sse2 sse3 sse4.1 sse4.2 ssse3 tdt x2apic
    Number of AVX-512 FMA units: 1 (AVX2 is faster w/o 2 AVX-512 FMA units)
  Hardware topology: Basic
    Packages, cores, and logical processors:
    [indices refer to OS logical processors]
      Package  0: [   0   8] [   1   9] [   2  10] [   3  11] [   4  12] [   5  13] [   6  14] [   7  15]
    CPU limit set by OS: -1   Recommended max number of threads: 16


++++ PLEASE READ AND CITE THE FOLLOWING REFERENCE ++++
M. J. Abraham, T. Murtola, R. Schulz, S. Páll, J. C. Smith, B. Hess, E.
Lindahl
GROMACS: High performance molecular simulations through multi-level
parallelism from laptops to supercomputers
SoftwareX 1 (2015) pp. 19-25
-------- -------- --- Thank You --- -------- --------


++++ PLEASE READ AND CITE THE FOLLOWING REFERENCE ++++
S. Páll, M. J. Abraham, C. Kutzner, B. Hess, E. Lindahl
Tackling Exascale Software Challenges in Molecular Dynamics Simulations with
GROMACS
In S. Markidis & E. Laure (Eds.), Solving Software Challenges for Exascale 8759 (2015) pp. 3-27
-------- -------- --- Thank You --- -------- --------


++++ PLEASE READ AND CITE THE FOLLOWING REFERENCE ++++
S. Pronk, S. Páll, R. Schulz, P. Larsson, P. Bjelkmar, R. Apostolov, M. R.
Shirts, J. C. Smith, P. M. Kasson, D. van der Spoel, B. Hess, and E. Lindahl
GROMACS 4.5: a high-throughput and highly parallel open source molecular
simulation toolkit
Bioinformatics 29 (2013) pp. 845-54
-------- -------- --- Thank You --- -------- --------


++++ PLEASE READ AND CITE THE FOLLOWING REFERENCE ++++
B. Hess and C. Kutzner and D. van der Spoel and E. Lindahl
GROMACS 4: Algorithms for highly efficient, load-balanced, and scalable
molecular simulation
J. Chem. Theory Comput. 4 (2008) pp. 435-447
-------- -------- --- Thank You --- -------- --------


++++ PLEASE READ AND CITE THE FOLLOWING REFERENCE ++++
D. van der Spoel, E. Lindahl, B. Hess, G. Groenhof, A. E. Mark and H. J. C.
Berendsen
GROMACS: Fast, Flexible and Free
J. Comp. Chem. 26 (2005) pp. 1701-1719
-------- -------- --- Thank You --- -------- --------


++++ PLEASE READ AND CITE THE FOLLOWING REFERENCE ++++
E. Lindahl and B. Hess and D. van der Spoel
GROMACS 3.0: A package for molecular simulation and trajectory analysis
J. Mol. Mod. 7 (2001) pp. 306-317
-------- -------- --- Thank You --- -------- --------


++++ PLEASE READ AND CITE THE FOLLOWING REFERENCE ++++
H. J. C. Berendsen, D. van der Spoel and R. van Drunen
GROMACS: A message-passing parallel molecular dynamics implementation
Comp. Phys. Comm. 91 (1995) pp. 43-56
-------- -------- --- Thank You --- -------- --------


++++ PLEASE CITE THE DOI FOR THIS VERSION OF GROMACS ++++
https://doi.org/10.5281/zenodo.7852175
-------- -------- --- Thank You --- -------- --------

Input Parameters:
   integrator                     = md
   tinit                          = 0
   dt                             = 0.002
   nsteps                         = 50000
   init-step                      = 0
   simulation-part                = 1
   mts                            = false
   comm-mode                      = Linear
   nstcomm                        = 100
   bd-fric                        = 0
   ld-seed                        = -71579786
   emtol                          = 10
   emstep                         = 0.01
   niter                          = 20
   fcstep                         = 0
   nstcgsteep                     = 1000
   nbfgscorr                      = 10
   rtpi                           = 0.05
   nstxout                        = 0
   nstvout                        = 0
   nstfout                        = 0
   nstlog                         = 1000
   nstcalcenergy                  = 100
   nstenergy                      = 1000
   nstxout-compressed             = 250
   compressed-x-precision         = 1000
   cutoff-scheme                  = Verlet
   nstlist                        = 40
   pbc                            = xyz
   periodic-molecules             = false
   verlet-buffer-tolerance        = 0.005
   rlist                          = 1
   coulombtype                    = PME
   coulomb-modifier               = Potential-shift
   rcoulomb-switch                = 0
   rcoulomb                       = 1
   epsilon-r                      = 1
   epsilon-rf                     = inf
   vdw-type                       = PME
   vdw-modifier                   = Potential-shift
   rvdw-switch                    = 0
   rvdw                           = 1
   DispCorr                       = EnerPres
   table-extension                = 1
   fourierspacing                 = 0.12
   fourier-nx                     = 42
   fourier-ny                     = 42
   fourier-nz                     = 42
   pme-order                      = 4
   ewald-rtol                     = 1e-05
   ewald-rtol-lj                  = 0.001
   lj-pme-comb-rule               = Geometric
   ewald-geometry                 = 3d
   epsilon-surface                = 0
   ensemble-temperature-setting   = constant
   ensemble-temperature           = 300
   tcoupl                         = V-rescale
   nsttcouple                     = 10
   nh-chain-length                = 0
   print-nose-hoover-chain-variables = false
   pcoupl                         = No
   pcoupltype                     = Isotropic
   nstpcouple                     = -1
   tau-p                          = 1
   compressibility (3x3):
      compressibility[    0]={ 0.00000e+00,  0.00000e+00,  0.00000e+00}
      compressibility[    1]={ 0.00000e+00,  0.00000e+00,  0.00000e+00}
      compressibility[    2]={ 0.00000e+00,  0.00000e+00,  0.00000e+00}
   ref-p (3x3):
      ref-p[    0]={ 0.00000e+00,  0.00000e+00,  0.00000e+00}
      ref-p[    1]={ 0.00000e+00,  0.00000e+00,  0.00000e+00}
      ref-p[    2]={ 0.00000e+00,  0.00000e+00,  0.00000e+00}
   refcoord-scaling               = No
   posres-com (3):
      posres-com[0]= 0.00000e+00
      posres-com[1]= 0.00000e+00
      posres-com[2]= 0.00000e+00
   posres-comB (3):
      posres-comB[0]= 0.00000e+00
      posres-comB[1]= 0.00000e+00
      posres-comB[2]= 0.00000e+00
   QMMM                           = false
qm-opts:
   ngQM                           = 0
   constraint-algorithm           = Lincs
   continuation                   = false
   Shake-SOR                      = false
   shake-tol                      = 0.0001
   lincs-order                    = 4
   lincs-iter                     = 1
   lincs-warnangle                = 30
   nwall                          = 0
   wall-type                      = 9-3
   wall-r-linpot                  = -1
   wall-atomtype[0]               = -1
   wall-atomtype[1]               = -1
   wall-density[0]                = 0
   wall-density[1]                = 0
   wall-ewald-zfac                = 3
   pull                           = true
   pull-cylinder-r                = 1.5
   pull-constr-tol                = 1e-06
   pull-print-COM                 = false
   pull-print-ref-value           = false
   pull-print-components          = false
   pull-nstxout                   = 50
   pull-nstfout                   = 50
   pull-pbc-ref-prev-step-com     = false
   pull-xout-average              = false
   pull-fout-average              = false
   pull-ngroups                   = 2
   pull-group 0:
     atom: not available
     weight: not available
     pbcatom                        = -1
   pull-group 1:
     atom (1):
        atom[0]=47
     weight: not available
     pbcatom                        = -1
   pull-ncoords                   = 1
   pull-coord 0:
   type                           = constant-force
   geometry                       = direction-periodic
   group[0]                       = 0
   group[1]                       = 1
   dim (3):
      dim[0]=0
      dim[1]=0
      dim[2]=1
   origin (3):
      origin[0]= 0.00000e+00
      origin[1]= 0.00000e+00
      origin[2]= 0.00000e+00
   vec (3):
      vec[0]= 0.00000e+00
      vec[1]= 0.00000e+00
      vec[2]= 1.00000e+00
   start                          = true
   init                           = -0.427
   rate                           = 0.01
   k                              = 1000
   kB                             = 1000
   awh                            = false
   rotation                       = false
   interactiveMD                  = false
   disre                          = No
   disre-weighting                = Conservative
   disre-mixed                    = false
   dr-fc                          = 1000
   dr-tau                         = 0
   nstdisreout                    = 100
   orire-fc                       = 0
   orire-tau                      = 0
   nstorireout                    = 100
   free-energy                    = no
   cos-acceleration               = 0
   deform (3x3):
      deform[    0]={ 0.00000e+00,  0.00000e+00,  0.00000e+00}
      deform[    1]={ 0.00000e+00,  0.00000e+00,  0.00000e+00}
      deform[    2]={ 0.00000e+00,  0.00000e+00,  0.00000e+00}
   simulated-tempering            = false
   swapcoords                     = no
   userint1                       = 0
   userint2                       = 0
   userint3                       = 0
   userint4                       = 0
   userreal1                      = 0
   userreal2                      = 0
   userreal3                      = 0
   userreal4                      = 0
   applied-forces:
     electric-field:
       x:
         E0                       = 0
         omega                    = 0
         t0                       = 0
         sigma                    = 0
       y:
         E0                       = 0
         omega                    = 0
         t0                       = 0
         sigma                    = 0
       z:
         E0                       = 0
         omega                    = 0
         t0                       = 0
         sigma                    = 0
     density-guided-simulation:
       active                     = false
       group                      = protein
       similarity-measure         = inner-product
       atom-spreading-weight      = unity
       force-constant             = 1e+09
       gaussian-transform-spreading-width = 0.2
       gaussian-transform-spreading-range-in-multiples-of-width = 4
       reference-density-filename = reference.mrc
       nst                        = 1
       normalize-densities        = true
       adaptive-force-scaling     = false
       adaptive-force-scaling-time-constant = 4
       shift-vector               = 
       transformation-matrix      = 
     qmmm-cp2k:
       active                     = false
       qmgroup                    = System
       qmmethod                   = PBE
       qmfilenames                = 
       qmcharge                   = 0
       qmmultiplicity             = 1
grpopts:
   nrdf:         289
   ref-t:         300
   tau-t:         0.1
annealing:          No
annealing-npoints:           0
   acc:	           0           0           0
   nfreeze:           N           N           N
   energygrp-flags[  0]: 0

Changing nstlist from 40 to 100, rlist from 1 to 1

Update groups can not be used for this system because atoms that are (in)directly constrained together are interdispersed with other atoms

Update task can not run on the GPU, because the following condition(s) were not satisfied:

Domain decomposition is only supported with constraints when update groups are used. This means constraining all bonds is not supported, except for small molecules, and box sizes close to half the pair-list cutoff are not supported.
 Either PME or short-ranged non-bonded interaction tasks must run on the GPU.
Compatible GPUs must have been found.
Only CUDA and SYCL builds are supported.
The number of coupled constraints is higher than supported in the GPU LINCS code.
Chosen GPU implementation does not support constraints.

Initializing Domain Decomposition on 1 ranks
Dynamic load balancing: auto
Minimum cell size due to atom displacement: 0.707 nm
Initial maximum distances in bonded interactions:
    two-body bonded interactions: 0.397 nm, LJ-14, atoms 36 39
  multi-body bonded interactions: 0.397 nm, Proper Dih., atoms 36 39
Minimum cell size due to bonded interactions: 0.437 nm
Maximum distance for 5 constraints, at 120 deg. angles, all-trans: 0.218 nm
Estimated maximum distance required for P-LINCS: 0.218 nm
Using 0 separate PME ranks because: there are too few total ranks for efficient splitting
Optimizing the DD grid for 1 cells with a minimum initial size of 0.707 nm
The maximum allowed number of cells is: X 7 Y 7 Z 7
Domain decomposition grid 1 x 1 x 1, separate PME ranks 0
PME domain decomposition: 1 x 1 x 1

The initial number of communication pulses is:
The initial domain decomposition cell size is:

The maximum allowed distance for atoms involved in interactions is:
                 non-bonded interactions           1.000 nm
            two-body bonded interactions  (-rdd)   1.000 nm
          multi-body bonded interactions  (-rdd)   1.000 nm
  atoms separated by up to 5 constraints  (-rcon)  5.000 nm

When dynamic load balancing gets turned on, these settings will change to:
The maximum number of communication pulses is:
The minimum size for domain decomposition cells is 1.000 nm
The requested allowed shrink of DD cells (option -dds) is: 0.80
The allowed shrink of domain decomposition cells is:
The maximum allowed distance for atoms involved in interactions is:
                 non-bonded interactions           1.000 nm
            two-body bonded interactions  (-rdd)   1.000 nm
          multi-body bonded interactions  (-rdd)   1.000 nm
  atoms separated by up to 5 constraints  (-rcon)  1.000 nm

Using 1 MPI thread
Using 16 OpenMP threads 

System total charge: -0.000
Will do PME sum in reciprocal space for LJ dispersion interactions.

++++ PLEASE READ AND CITE THE FOLLOWING REFERENCE ++++
U. Essmann, L. Perera, M. L. Berkowitz, T. Darden, H. Lee and L. G. Pedersen 
A smooth particle mesh Ewald method
J. Chem. Phys. 103 (1995) pp. 8577-8592
-------- -------- --- Thank You --- -------- --------

Using a Gaussian width (1/beta) of 0.298423 nm for LJ Ewald
Will do PME sum in reciprocal space for electrostatic interactions.

++++ PLEASE READ AND CITE THE FOLLOWING REFERENCE ++++
U. Essmann, L. Perera, M. L. Berkowitz, T. Darden, H. Lee and L. G. Pedersen 
A smooth particle mesh Ewald method
J. Chem. Phys. 103 (1995) pp. 8577-8592
-------- -------- --- Thank You --- -------- --------

Using a Gaussian width (1/beta) of 0.320163 nm for Ewald
Potential shift: LJ r^-12: -1.000e+00 r^-6: -1.000e-03, Ewald -1.000e-05
Initialized non-bonded Coulomb Ewald tables, spacing: 9.33e-04 size: 1073

Using shifted Lennard-Jones, switch between 0 and 1 nm
Generated table with 1000 data points for 1-4 COUL.
Tabscale = 500 points/nm
Generated table with 1000 data points for 1-4 LJ6.
Tabscale = 500 points/nm
Generated table with 1000 data points for 1-4 LJ12.
Tabscale = 500 points/nm
Long Range LJ corr.: <C6> 1.2886e-05


Using SIMD 4x8 nonbonded short-range kernels

Using a 4x8 pair-list setup:
  updated every 100 steps, buffer 0.000 nm, rlist 1.000 nm
At tolerance 0.005 kJ/mol/ps per atom, equivalent classical 1x1 list would be:
  updated every 100 steps, buffer 0.061 nm, rlist 1.061 nm
Removing pbc first time

Linking all bonded interactions to atoms


Pinning threads with an auto-selected logical cpu stride of 1

Will apply potential COM pulling
with 1 pull coordinate and 1 group
with an absolute reference
Pull group 1:     1 atoms, mass    14.007

Initializing Parallel LINear Constraint Solver

++++ PLEASE READ AND CITE THE FOLLOWING REFERENCE ++++
B. Hess
P-LINCS: A Parallel Linear Constraint Solver for molecular simulation
J. Chem. Theory Comput. 4 (2008) pp. 116-122
-------- -------- --- Thank You --- -------- --------

The number of constraints is 74
There are constraints between atoms in different decomposition domains,
will communicate selected coordinates each lincs iteration

++++ PLEASE READ AND CITE THE FOLLOWING REFERENCE ++++
G. Bussi, D. Donadio and M. Parrinello
Canonical sampling through velocity rescaling
J. Chem. Phys. 126 (2007) pp. 014101
-------- -------- --- Thank You --- -------- --------

There are: 122 Atoms
Atom distribution over 1 domains: av 122 stddev 0 min 122 max 122

Constraining the starting coordinates (step 0)

Constraining the coordinates at t0-dt (step 0)
Center of mass motion removal mode is Linear
We have the following groups for center of mass motion removal:
  0:  rest
RMS relative constraint deviation after constraining: 3.42e-06
Initial temperature: 303.001 K

Started mdrun on rank 0 Mon Apr 15 17:55:43 2024

           Step           Time
              0        0.00000

   Energies (kJ/mol)
           Bond          Angle    Proper Dih. Per. Imp. Dih.          LJ-14
    8.94060e+00    1.14809e+02    3.80346e+02    7.25663e-03    7.37447e+01
     Coulomb-14        LJ (SR)  Disper. corr.   Coulomb (SR)   Coul. recip.
    4.20730e+02    8.38039e+01   -5.64117e-03   -9.71509e+02    1.18342e+02
      LJ recip.   COM Pull En.      Potential    Kinetic En.   Total Energy
   -1.47288e+02   -4.27016e+02   -3.45096e+02    3.65605e+02    2.05096e+01
  Conserved En.    Temperature Pres. DC (bar) Pressure (bar)   Constr. rmsd
    2.05096e+01    3.04306e+02   -8.53814e-04    7.25369e+01    3.17950e-06

           Step           Time
           1000        2.00000

   Energies (kJ/mol)
           Bond          Angle    Proper Dih. Per. Imp. Dih.          LJ-14
    5.39201e+01    1.30975e+02    4.85103e+02    1.90435e+00    6.29248e+01
     Coulomb-14        LJ (SR)  Disper. corr.   Coulomb (SR)   Coul. recip.
    3.71428e+02    9.60393e+01   -5.64117e-03   -9.82592e+02    7.05824e+01
      LJ recip.   COM Pull En.      Potential    Kinetic En.   Total Energy
   -1.36700e+02   -2.54829e+03   -2.39471e+03    3.45205e+02   -2.04951e+03
  Conserved En.    Temperature Pres. DC (bar) Pressure (bar)   Constr. rmsd
   -1.72249e+02    2.87326e+02   -8.53814e-04   -1.14209e+02    1.75852e-06

           Step           Time
           2000        4.00000

   Energies (kJ/mol)
           Bond          Angle    Proper Dih. Per. Imp. Dih.          LJ-14
    9.67891e+01    1.76709e+02    5.10254e+02    3.48827e+00    9.96799e+01
     Coulomb-14        LJ (SR)  Disper. corr.   Coulomb (SR)   Coul. recip.
    3.35238e+02    1.20923e+02   -5.64117e-03   -8.89997e+02    1.20937e+02
      LJ recip.   COM Pull En.      Potential    Kinetic En.   Total Energy
   -1.29874e+02    2.04746e+03    2.49160e+03    3.83694e+02    2.87529e+03
  Conserved En.    Temperature Pres. DC (bar) Pressure (bar)   Constr. rmsd
    4.54031e+03    3.19362e+02   -8.53814e-04   -5.23838e+01    1.49496e-06

           Step           Time
           3000        6.00000

   Energies (kJ/mol)
           Bond          Angle    Proper Dih. Per. Imp. Dih.          LJ-14
    8.04361e+01    2.08732e+02    4.90054e+02    2.04621e+00    9.16807e+01
     Coulomb-14        LJ (SR)  Disper. corr.   Coulomb (SR)   Coul. recip.
    3.37421e+02    1.03644e+02   -5.64117e-03   -8.83709e+02    1.21836e+02
      LJ recip.   COM Pull En.      Potential    Kinetic En.   Total Energy
   -1.36199e+02    1.71382e+03    2.12976e+03    3.24540e+02    2.45430e+03
  Conserved En.    Temperature Pres. DC (bar) Pressure (bar)   Constr. rmsd
    4.25653e+03    2.70126e+02   -8.53814e-04   -6.51139e+01    1.51393e-06

           Step           Time
           4000        8.00000

   Energies (kJ/mol)
           Bond          Angle    Proper Dih. Per. Imp. Dih.          LJ-14
    1.08131e+02    2.30716e+02    4.25305e+02    2.40394e+00    7.85234e+01
     Coulomb-14        LJ (SR)  Disper. corr.   Coulomb (SR)   Coul. recip.
    3.35542e+02    1.01887e+02   -5.64117e-03   -8.85435e+02    1.23189e+02
      LJ recip.   COM Pull En.      Potential    Kinetic En.   Total Energy
   -1.37623e+02    1.36661e+03    1.74924e+03    3.60229e+02    2.10947e+03
  Conserved En.    Temperature Pres. DC (bar) Pressure (bar)   Constr. rmsd
    3.98189e+03    2.99831e+02   -8.53814e-04   -9.10315e+01    1.78409e-06

           Step           Time
           5000       10.00000

   Energies (kJ/mol)
           Bond          Angle    Proper Dih. Per. Imp. Dih.          LJ-14
    1.09353e+02    2.28746e+02    4.31189e+02    6.70874e+00    6.53326e+01
     Coulomb-14        LJ (SR)  Disper. corr.   Coulomb (SR)   Coul. recip.
    3.31892e+02    9.86347e+01   -5.64117e-03   -8.69195e+02    1.26924e+02
      LJ recip.   COM Pull En.      Potential    Kinetic En.   Total Energy
   -1.32332e+02    1.06958e+03    1.46682e+03    4.12171e+02    1.87900e+03
  Conserved En.    Temperature Pres. DC (bar) Pressure (bar)   Constr. rmsd
    3.70205e+03    3.43064e+02   -8.53814e-04   -1.16773e+02    3.21469e-06

           Step           Time
           6000       12.00000

   Energies (kJ/mol)
           Bond          Angle    Proper Dih. Per. Imp. Dih.          LJ-14
    8.67253e+01    2.16628e+02    4.42702e+02    2.00567e+00    7.61794e+01
     Coulomb-14        LJ (SR)  Disper. corr.   Coulomb (SR)   Coul. recip.
    3.26981e+02    1.04756e+02   -5.64117e-03   -8.74871e+02    1.33211e+02
      LJ recip.   COM Pull En.      Potential    Kinetic En.   Total Energy
   -1.44488e+02    7.86817e+02    1.15664e+03    4.01552e+02    1.55819e+03
  Conserved En.    Temperature Pres. DC (bar) Pressure (bar)   Constr. rmsd
    3.41828e+03    3.34226e+02   -8.53814e-04   -4.32229e+01    1.88303e-06

           Step           Time
           7000       14.00000

   Energies (kJ/mol)
           Bond          Angle    Proper Dih. Per. Imp. Dih.          LJ-14
    7.37892e+01    2.30266e+02    4.36114e+02    7.68362e+00    8.28652e+01
     Coulomb-14        LJ (SR)  Disper. corr.   Coulomb (SR)   Coul. recip.
    3.39189e+02    1.11052e+02   -5.64117e-03   -8.94323e+02    1.18595e+02
      LJ recip.   COM Pull En.      Potential    Kinetic En.   Total Energy
   -1.42791e+02    4.70414e+02    8.32848e+02    3.71302e+02    1.20415e+03
  Conserved En.    Temperature Pres. DC (bar) Pressure (bar)   Constr. rmsd
    3.14022e+03    3.09048e+02   -8.53814e-04   -4.57319e+01    2.55276e-06

           Step           Time
           8000       16.00000

   Energies (kJ/mol)
           Bond          Angle    Proper Dih. Per. Imp. Dih.          LJ-14
    8.00276e+01    2.78372e+02    4.37099e+02    2.64070e+00    7.14691e+01
     Coulomb-14        LJ (SR)  Disper. corr.   Coulomb (SR)   Coul. recip.
    3.23643e+02    9.19201e+01   -5.64117e-03   -8.72689e+02    1.22779e+02
      LJ recip.   COM Pull En.      Potential    Kinetic En.   Total Energy
   -1.42694e+02    2.04237e+02    5.96800e+02    3.61346e+02    9.58145e+02
  Conserved En.    Temperature Pres. DC (bar) Pressure (bar)   Constr. rmsd
    2.85610e+03    3.00760e+02   -8.53814e-04   -9.30510e+01    2.34029e-06

           Step           Time
           9000       18.00000

   Energies (kJ/mol)
           Bond          Angle    Proper Dih. Per. Imp. Dih.          LJ-14
    1.27936e+02    2.46075e+02    4.45043e+02    7.14171e-01    8.27652e+01
     Coulomb-14        LJ (SR)  Disper. corr.   Coulomb (SR)   Coul. recip.
    3.29511e+02    1.03051e+02   -5.64117e-03   -8.82192e+02    1.22012e+02
      LJ recip.   COM Pull En.      Potential    Kinetic En.   Total Energy
   -1.42142e+02   -5.75809e+01    3.75187e+02    3.67774e+02    7.42961e+02
  Conserved En.    Temperature Pres. DC (bar) Pressure (bar)   Constr. rmsd
    2.57146e+03    3.06111e+02   -8.53814e-04   -8.68359e+01    2.59632e-06

           Step           Time
          10000       20.00000

   Energies (kJ/mol)
           Bond          Angle    Proper Dih. Per. Imp. Dih.          LJ-14
    6.35783e+01    2.11813e+02    4.24243e+02    2.93429e+00    7.99342e+01
     Coulomb-14        LJ (SR)  Disper. corr.   Coulomb (SR)   Coul. recip.
    3.32615e+02    1.06061e+02   -5.64117e-03   -8.86804e+02    1.26816e+02
      LJ recip.   COM Pull En.      Potential    Kinetic En.   Total Energy
   -1.44783e+02   -3.66509e+02   -5.01071e+01    3.59646e+02    3.09539e+02
  Conserved En.    Temperature Pres. DC (bar) Pressure (bar)   Constr. rmsd
    2.29779e+03    2.99346e+02   -8.53814e-04   -1.60320e+01    1.98856e-06

           Step           Time
          11000       22.00000

   Energies (kJ/mol)
           Bond          Angle    Proper Dih. Per. Imp. Dih.          LJ-14
    7.34100e+01    2.38464e+02    4.47669e+02    1.26232e+00    7.11189e+01
     Coulomb-14        LJ (SR)  Disper. corr.   Coulomb (SR)   Coul. recip.
    3.23850e+02    9.48910e+01   -5.64117e-03   -8.77804e+02    1.26551e+02
      LJ recip.   COM Pull En.      Potential    Kinetic En.   Total Energy
   -1.45253e+02   -6.68176e+02   -3.14022e+02    3.80122e+02    6.61001e+01
  Conserved En.    Temperature Pres. DC (bar) Pressure (bar)   Constr. rmsd
    2.00641e+03    3.16389e+02   -8.53814e-04   -5.59842e+01    2.41581e-06

           Step           Time
          12000       24.00000

   Energies (kJ/mol)
           Bond          Angle    Proper Dih. Per. Imp. Dih.          LJ-14
    7.50415e+01    2.40452e+02    4.47335e+02    1.28679e+00    7.71770e+01
     Coulomb-14        LJ (SR)  Disper. corr.   Coulomb (SR)   Coul. recip.
    3.24831e+02    9.62852e+01   -5.64117e-03   -8.68989e+02    1.27769e+02
      LJ recip.   COM Pull En.      Potential    Kinetic En.   Total Energy
   -1.46311e+02   -9.53520e+02   -5.78648e+02    3.42701e+02   -2.35947e+02
  Conserved En.    Temperature Pres. DC (bar) Pressure (bar)   Constr. rmsd
    1.73229e+03    2.85242e+02   -8.53814e-04   -6.75525e+01    1.88170e-06

           Step           Time
          13000       26.00000

   Energies (kJ/mol)
           Bond          Angle    Proper Dih. Per. Imp. Dih.          LJ-14
    7.60030e+01    2.46539e+02    4.35471e+02    4.35306e+00    7.68170e+01
     Coulomb-14        LJ (SR)  Disper. corr.   Coulomb (SR)   Coul. recip.
    3.19310e+02    9.33896e+01   -5.64117e-03   -8.78951e+02    1.20401e+02
      LJ recip.   COM Pull En.      Potential    Kinetic En.   Total Energy
   -1.42267e+02   -1.21623e+03   -8.65166e+02    3.72046e+02   -4.93120e+02
  Conserved En.    Temperature Pres. DC (bar) Pressure (bar)   Constr. rmsd
    1.44639e+03    3.09667e+02   -8.53814e-04   -3.88616e+01    2.39340e-06

           Step           Time
          14000       28.00000

   Energies (kJ/mol)
           Bond          Angle    Proper Dih. Per. Imp. Dih.          LJ-14
    7.14000e+01    2.68068e+02    4.36681e+02    2.46327e+00    6.71987e+01
     Coulomb-14        LJ (SR)  Disper. corr.   Coulomb (SR)   Coul. recip.
    3.25175e+02    9.20132e+01   -5.64117e-03   -8.72980e+02    1.17504e+02
      LJ recip.   COM Pull En.      Potential    Kinetic En.   Total Energy
   -1.42603e+02   -1.52586e+03   -1.16095e+03    3.56824e+02   -8.04125e+02
  Conserved En.    Temperature Pres. DC (bar) Pressure (bar)   Constr. rmsd
    1.16452e+03    2.96997e+02   -8.53814e-04   -7.34733e+01    2.43167e-06

           Step           Time
          15000       30.00000

   Energies (kJ/mol)
           Bond          Angle    Proper Dih. Per. Imp. Dih.          LJ-14
    1.10361e+02    2.57860e+02    4.31926e+02    2.25340e+00    6.33820e+01
     Coulomb-14        LJ (SR)  Disper. corr.   Coulomb (SR)   Coul. recip.
    3.26671e+02    9.67365e+01   -5.64117e-03   -8.67951e+02    1.22027e+02
      LJ recip.   COM Pull En.      Potential    Kinetic En.   Total Energy
   -1.42493e+02   -1.81997e+03   -1.41920e+03    3.50880e+02   -1.06832e+03
  Conserved En.    Temperature Pres. DC (bar) Pressure (bar)   Constr. rmsd
    8.83625e+02    2.92049e+02   -8.53814e-04   -8.67306e+01    2.68625e-06

           Step           Time
          16000       32.00000

   Energies (kJ/mol)
           Bond          Angle    Proper Dih. Per. Imp. Dih.          LJ-14
    8.44193e+01    2.48835e+02    4.36666e+02    4.87207e+00    7.55332e+01
     Coulomb-14        LJ (SR)  Disper. corr.   Coulomb (SR)   Coul. recip.
    3.20432e+02    9.36920e+01   -5.64117e-03   -8.82571e+02    1.26461e+02
      LJ recip.   COM Pull En.      Potential    Kinetic En.   Total Energy
   -1.47605e+02   -2.09268e+03   -1.73195e+03    3.80485e+02   -1.35146e+03
  Conserved En.    Temperature Pres. DC (bar) Pressure (bar)   Constr. rmsd
    5.97534e+02    3.16691e+02   -8.53814e-04   -5.19392e+01    3.14851e-06

           Step           Time
          17000       34.00000

   Energies (kJ/mol)
           Bond          Angle    Proper Dih. Per. Imp. Dih.          LJ-14
    1.01095e+02    2.13733e+02    4.34565e+02    1.32556e+00    6.63510e+01
     Coulomb-14        LJ (SR)  Disper. corr.   Coulomb (SR)   Coul. recip.
    3.31890e+02    1.03305e+02   -5.64117e-03   -8.82937e+02    1.18441e+02
      LJ recip.   COM Pull En.      Potential    Kinetic En.   Total Energy
   -1.41020e+02   -2.35266e+03   -2.00592e+03    3.53953e+02   -1.65196e+03
  Conserved En.    Temperature Pres. DC (bar) Pressure (bar)   Constr. rmsd
    3.07996e+02    2.94607e+02   -8.53814e-04   -1.41417e+02    2.29397e-06

           Step           Time
          18000       36.00000

   Energies (kJ/mol)
           Bond          Angle    Proper Dih. Per. Imp. Dih.          LJ-14
    7.99079e+01    2.61107e+02    4.22633e+02    1.71887e+00    7.00249e+01
     Coulomb-14        LJ (SR)  Disper. corr.   Coulomb (SR)   Coul. recip.
    3.25287e+02    8.67378e+01   -5.64117e-03   -8.78839e+02    1.17633e+02
      LJ recip.   COM Pull En.      Potential    Kinetic En.   Total Energy
   -1.44348e+02    2.34897e+03    2.69083e+03    3.83133e+02    3.07396e+03
  Conserved En.    Temperature Pres. DC (bar) Pressure (bar)   Constr. rmsd
    5.03067e+03    3.18895e+02   -8.53814e-04   -9.47871e+01    3.17760e-06

           Step           Time
          19000       38.00000

   Energies (kJ/mol)
           Bond          Angle    Proper Dih. Per. Imp. Dih.          LJ-14
    8.61118e+01    2.68436e+02    4.29578e+02    3.04150e+00    6.33723e+01
     Coulomb-14        LJ (SR)  Disper. corr.   Coulomb (SR)   Coul. recip.
    3.21394e+02    9.97539e+01   -5.64117e-03   -8.75378e+02    1.24322e+02
      LJ recip.   COM Pull En.      Potential    Kinetic En.   Total Energy
   -1.48901e+02    2.04696e+03    2.41868e+03    4.14616e+02    2.83330e+03
  Conserved En.    Temperature Pres. DC (bar) Pressure (bar)   Constr. rmsd
    4.73872e+03    3.45099e+02   -8.53814e-04   -1.38530e+01    3.15714e-06

           Step           Time
          20000       40.00000

   Energies (kJ/mol)
           Bond          Angle    Proper Dih. Per. Imp. Dih.          LJ-14
    1.04219e+02    1.92829e+02    4.33694e+02    1.33907e+00    6.75439e+01
     Coulomb-14        LJ (SR)  Disper. corr.   Coulomb (SR)   Coul. recip.
    3.18241e+02    1.01672e+02   -5.64117e-03   -8.73706e+02    1.23081e+02
      LJ recip.   COM Pull En.      Potential    Kinetic En.   Total Energy
   -1.45641e+02    1.74355e+03    2.06682e+03    3.53935e+02    2.42075e+03
  Conserved En.    Temperature Pres. DC (bar) Pressure (bar)   Constr. rmsd
    4.46052e+03    2.94592e+02   -8.53814e-04   -1.61697e+02    3.24622e-06

           Step           Time
          21000       42.00000

   Energies (kJ/mol)
           Bond          Angle    Proper Dih. Per. Imp. Dih.          LJ-14
    1.01113e+02    2.43292e+02    4.38252e+02    1.15080e+00    8.45990e+01
     Coulomb-14        LJ (SR)  Disper. corr.   Coulomb (SR)   Coul. recip.
    3.20384e+02    1.06976e+02   -5.64117e-03   -8.74025e+02    1.19963e+02
      LJ recip.   COM Pull En.      Potential    Kinetic En.   Total Energy
   -1.43448e+02    1.44751e+03    1.84576e+03    3.26634e+02    2.17239e+03
  Conserved En.    Temperature Pres. DC (bar) Pressure (bar)   Constr. rmsd
    4.18369e+03    2.71868e+02   -8.53814e-04   -8.05505e+01    2.27038e-06

           Step           Time
          22000       44.00000

   Energies (kJ/mol)
           Bond          Angle    Proper Dih. Per. Imp. Dih.          LJ-14
    9.78036e+01    2.71830e+02    4.26465e+02    1.48615e+00    7.87137e+01
     Coulomb-14        LJ (SR)  Disper. corr.   Coulomb (SR)   Coul. recip.
    3.13127e+02    1.06707e+02   -5.64117e-03   -8.76628e+02    1.24054e+02
      LJ recip.   COM Pull En.      Potential    Kinetic En.   Total Energy
   -1.42909e+02    1.15833e+03    1.55898e+03    4.21133e+02    1.98011e+03
  Conserved En.    Temperature Pres. DC (bar) Pressure (bar)   Constr. rmsd
    3.88895e+03    3.50524e+02   -8.53814e-04   -2.21952e+01    3.90059e-06

           Step           Time
          23000       46.00000

   Energies (kJ/mol)
           Bond          Angle    Proper Dih. Per. Imp. Dih.          LJ-14
    8.65549e+01    2.43942e+02    4.38520e+02    2.41308e+00    8.40037e+01
     Coulomb-14        LJ (SR)  Disper. corr.   Coulomb (SR)   Coul. recip.
    3.15115e+02    1.01710e+02   -5.64117e-03   -8.68655e+02    1.20095e+02
      LJ recip.   COM Pull En.      Potential    Kinetic En.   Total Energy
   -1.41882e+02    8.77229e+02    1.25904e+03    3.42208e+02    1.60125e+03
  Conserved En.    Temperature Pres. DC (bar) Pressure (bar)   Constr. rmsd
    3.61852e+03    2.84832e+02   -8.53814e-04   -3.08108e+01    2.32280e-06

           Step           Time
          24000       48.00000

   Energies (kJ/mol)
           Bond          Angle    Proper Dih. Per. Imp. Dih.          LJ-14
    7.80915e+01    2.17856e+02    4.29689e+02    5.66448e-01    8.14270e+01
     Coulomb-14        LJ (SR)  Disper. corr.   Coulomb (SR)   Coul. recip.
    3.20873e+02    9.28148e+01   -5.64117e-03   -8.72328e+02    1.18908e+02
      LJ recip.   COM Pull En.      Potential    Kinetic En.   Total Energy
   -1.49149e+02    5.94209e+02    9.12951e+02    3.63830e+02    1.27678e+03
  Conserved En.    Temperature Pres. DC (bar) Pressure (bar)   Constr. rmsd
    3.32944e+03    3.02828e+02   -8.53814e-04   -1.77806e+01    3.06536e-06

           Step           Time
          25000       50.00000

   Energies (kJ/mol)
           Bond          Angle    Proper Dih. Per. Imp. Dih.          LJ-14
    7.63937e+01    2.60846e+02    4.32137e+02    2.95491e+00    8.53510e+01
     Coulomb-14        LJ (SR)  Disper. corr.   Coulomb (SR)   Coul. recip.
    3.28730e+02    9.78782e+01   -5.64117e-03   -8.81362e+02    1.11615e+02
      LJ recip.   COM Pull En.      Potential    Kinetic En.   Total Energy
   -1.50789e+02    3.11659e+02    6.75408e+02    3.89439e+02    1.06485e+03
  Conserved En.    Temperature Pres. DC (bar) Pressure (bar)   Constr. rmsd
    3.03543e+03    3.24143e+02   -8.53814e-04   -4.02611e+01    2.76074e-06

           Step           Time
          26000       52.00000

   Energies (kJ/mol)
           Bond          Angle    Proper Dih. Per. Imp. Dih.          LJ-14
    1.31019e+02    2.71361e+02    4.35127e+02    1.06108e+00    5.97500e+01
     Coulomb-14        LJ (SR)  Disper. corr.   Coulomb (SR)   Coul. recip.
    3.25329e+02    8.35012e+01   -5.64117e-03   -8.70498e+02    1.23196e+02
      LJ recip.   COM Pull En.      Potential    Kinetic En.   Total Energy
   -1.45096e+02   -6.64640e+00    4.08098e+02    3.26854e+02    7.34952e+02
  Conserved En.    Temperature Pres. DC (bar) Pressure (bar)   Constr. rmsd
    2.75732e+03    2.72052e+02   -8.53814e-04   -1.27066e+02    2.68885e-06

           Step           Time
          27000       54.00000

   Energies (kJ/mol)
           Bond          Angle    Proper Dih. Per. Imp. Dih.          LJ-14
    9.73166e+01    2.74472e+02    4.45342e+02    1.25157e+00    6.81200e+01
     Coulomb-14        LJ (SR)  Disper. corr.   Coulomb (SR)   Coul. recip.
    3.12782e+02    8.73725e+01   -5.64117e-03   -8.69367e+02    1.23772e+02
      LJ recip.   COM Pull En.      Potential    Kinetic En.   Total Energy
   -1.44168e+02   -2.68893e+02    1.27996e+02    3.58412e+02    4.86408e+02
  Conserved En.    Temperature Pres. DC (bar) Pressure (bar)   Constr. rmsd
    2.47811e+03    2.98319e+02   -8.53814e-04   -9.82744e+01    3.09678e-06

           Step           Time
          28000       56.00000

   Energies (kJ/mol)
           Bond          Angle    Proper Dih. Per. Imp. Dih.          LJ-14
    9.17521e+01    2.36863e+02    4.35395e+02    1.15332e+00    6.61465e+01
     Coulomb-14        LJ (SR)  Disper. corr.   Coulomb (SR)   Coul. recip.
    3.14318e+02    8.51814e+01   -5.64117e-03   -8.68707e+02    1.23847e+02
      LJ recip.   COM Pull En.      Potential    Kinetic En.   Total Energy
   -1.45021e+02   -5.77130e+02   -2.36207e+02    3.67869e+02    1.31662e+02
  Conserved En.    Temperature Pres. DC (bar) Pressure (bar)   Constr. rmsd
    2.18197e+03    3.06190e+02   -8.53814e-04   -1.08408e+02    3.06243e-06

           Step           Time
          29000       58.00000

   Energies (kJ/mol)
           Bond          Angle    Proper Dih. Per. Imp. Dih.          LJ-14
    9.13774e+01    2.50936e+02    4.30709e+02    4.46913e+00    7.72693e+01
     Coulomb-14        LJ (SR)  Disper. corr.   Coulomb (SR)   Coul. recip.
    3.26370e+02    9.22244e+01   -5.64117e-03   -8.72145e+02    1.18802e+02
      LJ recip.   COM Pull En.      Potential    Kinetic En.   Total Energy
   -1.44910e+02   -8.40644e+02   -4.65549e+02    3.92559e+02   -7.29901e+01
  Conserved En.    Temperature Pres. DC (bar) Pressure (bar)   Constr. rmsd
    1.89805e+03    3.26740e+02   -8.53814e-04   -3.16118e+01    2.79682e-06

           Step           Time
          30000       60.00000

   Energies (kJ/mol)
           Bond          Angle    Proper Dih. Per. Imp. Dih.          LJ-14
    6.75720e+01    2.45314e+02    4.41176e+02    4.10692e+00    7.20496e+01
     Coulomb-14        LJ (SR)  Disper. corr.   Coulomb (SR)   Coul. recip.
    3.19610e+02    8.62080e+01   -5.64117e-03   -8.63984e+02    1.32513e+02
      LJ recip.   COM Pull En.      Potential    Kinetic En.   Total Energy
   -1.47572e+02   -1.14969e+03   -7.92705e+02    3.81990e+02   -4.10715e+02
  Conserved En.    Temperature Pres. DC (bar) Pressure (bar)   Constr. rmsd
    1.61909e+03    3.17944e+02   -8.53814e-04   -4.84657e+01    3.66378e-06

           Step           Time
          31000       62.00000

   Energies (kJ/mol)
           Bond          Angle    Proper Dih. Per. Imp. Dih.          LJ-14
    6.91136e+01    2.54829e+02    4.39295e+02    2.28366e+00    8.08792e+01
     Coulomb-14        LJ (SR)  Disper. corr.   Coulomb (SR)   Coul. recip.
    3.11766e+02    8.86767e+01   -5.64117e-03   -8.70216e+02    1.27591e+02
      LJ recip.   COM Pull En.      Potential    Kinetic En.   Total Energy
   -1.43757e+02   -1.41657e+03   -1.05611e+03    4.01543e+02   -6.54571e+02
  Conserved En.    Temperature Pres. DC (bar) Pressure (bar)   Constr. rmsd
    1.33373e+03    3.34218e+02   -8.53814e-04   -2.71334e+01    3.14633e-06

           Step           Time
          32000       64.00000

   Energies (kJ/mol)
           Bond          Angle    Proper Dih. Per. Imp. Dih.          LJ-14
    1.06221e+02    1.83562e+02    4.23537e+02    1.40977e+00    6.97419e+01
     Coulomb-14        LJ (SR)  Disper. corr.   Coulomb (SR)   Coul. recip.
    3.16842e+02    9.20950e+01   -5.64117e-03   -8.64142e+02    1.29987e+02
      LJ recip.   COM Pull En.      Potential    Kinetic En.   Total Energy
   -1.39967e+02   -1.71291e+03   -1.39363e+03    3.60524e+02   -1.03311e+03
  Conserved En.    Temperature Pres. DC (bar) Pressure (bar)   Constr. rmsd
    1.04511e+03    3.00076e+02   -8.53814e-04   -1.00988e+02    2.36983e-06

           Step           Time
          33000       66.00000

   Energies (kJ/mol)
           Bond          Angle    Proper Dih. Per. Imp. Dih.          LJ-14
    5.67062e+01    3.01272e+02    4.44106e+02    7.45923e+00    8.16624e+01
     Coulomb-14        LJ (SR)  Disper. corr.   Coulomb (SR)   Coul. recip.
    3.17780e+02    9.17494e+01   -5.64117e-03   -8.74806e+02    1.21959e+02
      LJ recip.   COM Pull En.      Potential    Kinetic En.   Total Energy
   -1.46217e+02   -1.97673e+03   -1.57507e+03    3.88349e+02   -1.18672e+03
  Conserved En.    Temperature Pres. DC (bar) Pressure (bar)   Constr. rmsd
    7.66659e+02    3.23236e+02   -8.53814e-04    1.21500e+01    3.16967e-06

           Step           Time
          34000       68.00000

   Energies (kJ/mol)
           Bond          Angle    Proper Dih. Per. Imp. Dih.          LJ-14
    1.00142e+02    2.62744e+02    4.43337e+02    1.97626e+00    7.59635e+01
     Coulomb-14        LJ (SR)  Disper. corr.   Coulomb (SR)   Coul. recip.
    3.13184e+02    1.05448e+02   -5.64117e-03   -8.74256e+02    1.28354e+02
      LJ recip.   COM Pull En.      Potential    Kinetic En.   Total Energy
   -1.36621e+02    2.70686e+03    3.12713e+03    3.38950e+02    3.46608e+03
  Conserved En.    Temperature Pres. DC (bar) Pressure (bar)   Constr. rmsd
    5.48737e+03    2.82120e+02   -8.53814e-04   -8.33756e+01    3.03942e-06

           Step           Time
          35000       70.00000

   Energies (kJ/mol)
           Bond          Angle    Proper Dih. Per. Imp. Dih.          LJ-14
    7.95365e+01    2.41233e+02    4.27143e+02    6.70868e-01    8.64456e+01
     Coulomb-14        LJ (SR)  Disper. corr.   Coulomb (SR)   Coul. recip.
    3.24921e+02    9.79973e+01   -5.64117e-03   -8.79854e+02    1.14712e+02
      LJ recip.   COM Pull En.      Potential    Kinetic En.   Total Energy
   -1.42656e+02    2.42214e+03    2.77228e+03    3.82992e+02    3.15527e+03
  Conserved En.    Temperature Pres. DC (bar) Pressure (bar)   Constr. rmsd
    5.20618e+03    3.18777e+02   -8.53814e-04   -1.69341e+01    2.80198e-06

           Step           Time
          36000       72.00000

   Energies (kJ/mol)
           Bond          Angle    Proper Dih. Per. Imp. Dih.          LJ-14
    8.55767e+01    2.42543e+02    4.11471e+02    2.00822e+00    6.82407e+01
     Coulomb-14        LJ (SR)  Disper. corr.   Coulomb (SR)   Coul. recip.
    3.09518e+02    8.28406e+01   -5.64117e-03   -8.72008e+02    1.22223e+02
      LJ recip.   COM Pull En.      Potential    Kinetic En.   Total Energy
   -1.46578e+02    2.12277e+03    2.42860e+03    3.97733e+02    2.82633e+03
  Conserved En.    Temperature Pres. DC (bar) Pressure (bar)   Constr. rmsd
    4.92047e+03    3.31047e+02   -8.53814e-04   -9.91002e+01    3.15766e-06

           Step           Time
          37000       74.00000

   Energies (kJ/mol)
           Bond          Angle    Proper Dih. Per. Imp. Dih.          LJ-14
    9.25798e+01    2.49844e+02    4.22022e+02    4.60384e+00    8.21887e+01
     Coulomb-14        LJ (SR)  Disper. corr.   Coulomb (SR)   Coul. recip.
    3.26791e+02    9.52645e+01   -5.64117e-03   -8.80105e+02    1.18131e+02
      LJ recip.   COM Pull En.      Potential    Kinetic En.   Total Energy
   -1.44262e+02    1.87389e+03    2.24094e+03    4.16706e+02    2.65765e+03
  Conserved En.    Temperature Pres. DC (bar) Pressure (bar)   Constr. rmsd
    4.63066e+03    3.46839e+02   -8.53814e-04   -2.18073e+01    3.33128e-06

           Step           Time
          38000       76.00000

   Energies (kJ/mol)
           Bond          Angle    Proper Dih. Per. Imp. Dih.          LJ-14
    1.20772e+02    2.58570e+02    4.36184e+02    1.61197e+00    7.18177e+01
     Coulomb-14        LJ (SR)  Disper. corr.   Coulomb (SR)   Coul. recip.
    3.21358e+02    8.42615e+01   -5.64117e-03   -8.67986e+02    1.17513e+02
      LJ recip.   COM Pull En.      Potential    Kinetic En.   Total Energy
   -1.45229e+02    1.55617e+03    1.95503e+03    3.91742e+02    2.34677e+03
  Conserved En.    Temperature Pres. DC (bar) Pressure (bar)   Constr. rmsd
    4.34877e+03    3.26060e+02   -8.53814e-04   -9.66504e+01    4.63133e-06

           Step           Time
          39000       78.00000

   Energies (kJ/mol)
           Bond          Angle    Proper Dih. Per. Imp. Dih.          LJ-14
    9.04974e+01    2.42227e+02    4.41042e+02    1.63384e+00    8.67636e+01
     Coulomb-14        LJ (SR)  Disper. corr.   Coulomb (SR)   Coul. recip.
    3.09522e+02    9.62885e+01   -5.64117e-03   -8.75467e+02    1.29581e+02
      LJ recip.   COM Pull En.      Potential    Kinetic En.   Total Energy
   -1.49157e+02    1.26396e+03    1.63688e+03    3.24703e+02    1.96159e+03
  Conserved En.    Temperature Pres. DC (bar) Pressure (bar)   Constr. rmsd
    4.06761e+03    2.70262e+02   -8.53814e-04   -6.23196e+01    2.25403e-06

           Step           Time
          40000       80.00000

   Energies (kJ/mol)
           Bond          Angle    Proper Dih. Per. Imp. Dih.          LJ-14
    7.42176e+01    2.86269e+02    4.41198e+02    2.07202e+00    7.28630e+01
     Coulomb-14        LJ (SR)  Disper. corr.   Coulomb (SR)   Coul. recip.
    3.35472e+02    8.73520e+01   -5.64117e-03   -8.77229e+02    1.23475e+02
      LJ recip.   COM Pull En.      Potential    Kinetic En.   Total Energy
   -1.43400e+02    9.75116e+02    1.37740e+03    4.23825e+02    1.80123e+03
  Conserved En.    Temperature Pres. DC (bar) Pressure (bar)   Constr. rmsd
    3.77811e+03    3.52765e+02   -8.53814e-04   -4.25222e+01    2.69555e-06

           Step           Time
          41000       82.00000

   Energies (kJ/mol)
           Bond          Angle    Proper Dih. Per. Imp. Dih.          LJ-14
    8.25352e+01    2.38050e+02    4.38805e+02    5.02623e-01    7.38807e+01
     Coulomb-14        LJ (SR)  Disper. corr.   Coulomb (SR)   Coul. recip.
    3.18793e+02    9.66423e+01   -5.64117e-03   -8.71139e+02    1.15901e+02
      LJ recip.   COM Pull En.      Potential    Kinetic En.   Total Energy
   -1.47047e+02    6.90680e+02    1.03760e+03    3.44479e+02    1.38208e+03
  Conserved En.    Temperature Pres. DC (bar) Pressure (bar)   Constr. rmsd
    3.49030e+03    2.86722e+02   -8.53814e-04   -5.13710e+01    3.62752e-06

           Step           Time
          42000       84.00000

   Energies (kJ/mol)
           Bond          Angle    Proper Dih. Per. Imp. Dih.          LJ-14
    7.98813e+01    2.66322e+02    4.15423e+02    1.56177e+00    8.67381e+01
     Coulomb-14        LJ (SR)  Disper. corr.   Coulomb (SR)   Coul. recip.
    3.13503e+02    8.59904e+01   -5.64117e-03   -8.64844e+02    1.32115e+02
      LJ recip.   COM Pull En.      Potential    Kinetic En.   Total Energy
   -1.44956e+02    4.06114e+02    7.77842e+02    3.63218e+02    1.14106e+03
  Conserved En.    Temperature Pres. DC (bar) Pressure (bar)   Constr. rmsd
    3.21603e+03    3.02319e+02   -8.53814e-04   -1.03996e+01    2.53412e-06

           Step           Time
          43000       86.00000

   Energies (kJ/mol)
           Bond          Angle    Proper Dih. Per. Imp. Dih.          LJ-14
    1.11305e+02    2.12739e+02    4.27388e+02    2.15630e-01    7.17475e+01
     Coulomb-14        LJ (SR)  Disper. corr.   Coulomb (SR)   Coul. recip.
    3.11098e+02    9.31604e+01   -5.64117e-03   -8.64324e+02    1.20964e+02
      LJ recip.   COM Pull En.      Potential    Kinetic En.   Total Energy
   -1.43260e+02    1.11516e+02    4.52546e+02    3.87385e+02    8.39931e+02
  Conserved En.    Temperature Pres. DC (bar) Pressure (bar)   Constr. rmsd
    2.92653e+03    3.22434e+02   -8.53814e-04   -1.30330e+02    3.64152e-06

           Step           Time
          44000       88.00000

   Energies (kJ/mol)
           Bond          Angle    Proper Dih. Per. Imp. Dih.          LJ-14
    8.75635e+01    2.24453e+02    4.37531e+02    2.17666e+00    7.57876e+01
     Coulomb-14        LJ (SR)  Disper. corr.   Coulomb (SR)   Coul. recip.
    3.14606e+02    9.53936e+01   -5.64117e-03   -8.77913e+02    1.20162e+02
      LJ recip.   COM Pull En.      Potential    Kinetic En.   Total Energy
   -1.40053e+02   -1.66268e+02    1.73434e+02    3.25501e+02    4.98935e+02
  Conserved En.    Temperature Pres. DC (bar) Pressure (bar)   Constr. rmsd
    2.63992e+03    2.70926e+02   -8.53814e-04   -4.96893e+01    2.45290e-06

           Step           Time
          45000       90.00000

   Energies (kJ/mol)
           Bond          Angle    Proper Dih. Per. Imp. Dih.          LJ-14
    6.86814e+01    2.42064e+02    4.32602e+02    5.68529e+00    7.09402e+01
     Coulomb-14        LJ (SR)  Disper. corr.   Coulomb (SR)   Coul. recip.
    3.19544e+02    8.72327e+01   -5.64117e-03   -8.71248e+02    1.26515e+02
      LJ recip.   COM Pull En.      Potential    Kinetic En.   Total Energy
   -1.43163e+02   -4.59891e+02   -1.21044e+02    3.95680e+02    2.74636e+02
  Conserved En.    Temperature Pres. DC (bar) Pressure (bar)   Constr. rmsd
    2.35460e+03    3.29338e+02   -8.53814e-04   -4.48620e+01    2.68898e-06

           Step           Time
          46000       92.00000

   Energies (kJ/mol)
           Bond          Angle    Proper Dih. Per. Imp. Dih.          LJ-14
    1.05284e+02    2.91514e+02    4.47004e+02    8.15986e+00    7.26656e+01
     Coulomb-14        LJ (SR)  Disper. corr.   Coulomb (SR)   Coul. recip.
    3.24552e+02    9.26524e+01   -5.64117e-03   -8.78196e+02    1.13326e+02
      LJ recip.   COM Pull En.      Potential    Kinetic En.   Total Energy
   -1.39869e+02   -7.41805e+02   -3.04716e+02    3.72942e+02    6.82264e+01
  Conserved En.    Temperature Pres. DC (bar) Pressure (bar)   Constr. rmsd
    2.07953e+03    3.10413e+02   -8.53814e-04   -7.79356e+01    2.42523e-06

           Step           Time
          47000       94.00000

   Energies (kJ/mol)
           Bond          Angle    Proper Dih. Per. Imp. Dih.          LJ-14
    8.49306e+01    2.62553e+02    4.20906e+02    1.17642e+00    7.13853e+01
     Coulomb-14        LJ (SR)  Disper. corr.   Coulomb (SR)   Coul. recip.
    3.17232e+02    9.75311e+01   -5.64117e-03   -8.70262e+02    1.15201e+02
      LJ recip.   COM Pull En.      Potential    Kinetic En.   Total Energy
   -1.37852e+02   -1.02459e+03   -6.61792e+02    3.85574e+02   -2.76218e+02
  Conserved En.    Temperature Pres. DC (bar) Pressure (bar)   Constr. rmsd
    1.79526e+03    3.20927e+02   -8.53814e-04   -7.66089e+01    2.74787e-06

           Step           Time
          48000       96.00000

   Energies (kJ/mol)
           Bond          Angle    Proper Dih. Per. Imp. Dih.          LJ-14
    6.46745e+01    2.32923e+02    4.42965e+02    2.72330e+00    8.18880e+01
     Coulomb-14        LJ (SR)  Disper. corr.   Coulomb (SR)   Coul. recip.
    3.16738e+02    1.02534e+02   -5.64117e-03   -8.73007e+02    1.19943e+02
      LJ recip.   COM Pull En.      Potential    Kinetic En.   Total Energy
   -1.46434e+02   -1.34313e+03   -9.98191e+02    3.10734e+02   -6.87457e+02
  Conserved En.    Temperature Pres. DC (bar) Pressure (bar)   Constr. rmsd
    1.51828e+03    2.58635e+02   -8.53814e-04    4.04363e-01    2.54848e-06

           Step           Time
          49000       98.00000

   Energies (kJ/mol)
           Bond          Angle    Proper Dih. Per. Imp. Dih.          LJ-14
    8.59914e+01    2.45445e+02    4.17331e+02    3.17313e+00    6.77082e+01
     Coulomb-14        LJ (SR)  Disper. corr.   Coulomb (SR)   Coul. recip.
    3.18668e+02    9.09660e+01   -5.64117e-03   -8.64359e+02    1.28299e+02
      LJ recip.   COM Pull En.      Potential    Kinetic En.   Total Energy
   -1.46163e+02   -1.62386e+03   -1.27681e+03    3.62349e+02   -9.14458e+02
  Conserved En.    Temperature Pres. DC (bar) Pressure (bar)   Constr. rmsd
    1.23612e+03    3.01596e+02   -8.53814e-04   -8.14095e+01    3.01891e-06

           Step           Time
          50000      100.00000

Writing checkpoint, step 50000 at Mon Apr 15 17:56:14 2024


   Energies (kJ/mol)
           Bond          Angle    Proper Dih. Per. Imp. Dih.          LJ-14
    8.92278e+01    2.41205e+02    4.36162e+02    1.34759e+00    8.42331e+01
     Coulomb-14        LJ (SR)  Disper. corr.   Coulomb (SR)   Coul. recip.
    3.27926e+02    1.04258e+02   -5.64117e-03   -8.82596e+02    1.18347e+02
      LJ recip.   COM Pull En.      Potential    Kinetic En.   Total Energy
   -1.43020e+02   -1.89423e+03   -1.51715e+03    3.57431e+02   -1.15971e+03
  Conserved En.    Temperature Pres. DC (bar) Pressure (bar)   Constr. rmsd
    9.52655e+02    2.97503e+02   -8.53814e-04   -8.10975e+01    2.88525e-06


Energy conservation over simulation part #1 of length 100 ps, time 0 to 100 ps
  Conserved energy drift: 7.64e-02 kJ/mol/ps per atom


	<======  ###############  ==>
	<====  A V E R A G E S  ====>
	<==  ###############  ======>

	Statistics over 50001 steps using 501 frames

   Energies (kJ/mol)
           Bond          Angle    Proper Dih. Per. Imp. Dih.          LJ-14
    8.74912e+01    2.47603e+02    4.36780e+02    2.97642e+00    7.41923e+01
     Coulomb-14        LJ (SR)  Disper. corr.   Coulomb (SR)   Coul. recip.
    3.24579e+02    9.63839e+01   -5.64117e-03   -8.78096e+02    1.21447e+02
      LJ recip.   COM Pull En.      Potential    Kinetic En.   Total Energy
   -1.43522e+02   -1.92659e+01    3.50564e+02    3.75926e+02    7.26490e+02
  Conserved En.    Temperature Pres. DC (bar) Pressure (bar)   Constr. rmsd
    2.68729e+03    3.12896e+02   -8.53814e-04   -6.70828e+01    0.00000e+00

   Total Virial (kJ/mol)
    1.00501e+02    1.23685e+01    2.40073e+00
    1.23685e+01    1.08126e+02   -4.39492e-01
    2.40077e+00   -4.39567e-01    9.24766e+02

   Pressure (bar)
    1.78257e+00   -3.54071e+00   -7.84729e-01
   -3.54070e+00   -1.24710e-01    3.27703e-01
   -7.84738e-01    3.27723e-01   -2.02906e+02


	M E G A - F L O P S   A C C O U N T I N G

 NB=Group-cutoff nonbonded kernels    NxN=N-by-N cluster Verlet kernels
 RF=Reaction-Field  VdW=Van der Waals  QSTab=quadratic-spline table
 W3=SPC/TIP3p  W4=TIP4p (single or pairs)
 V&F=Potential and force  V=Potential only  F=Force only

 Computing:                               M-Number         M-Flops  % Flops
-----------------------------------------------------------------------------
 Pair Search distance check               2.143190          19.289     0.0
 NxN Ewald Elec. + LJ [F]               306.654480       31278.757     1.6
 NxN Ewald Elec. + LJ [V&F]               3.103360         434.470     0.0
 NxN Ewald Elec. [F]                      7.709328         470.269     0.0
 NxN Ewald Elec. [V&F]                    0.077984           6.551     0.0
 1,4 nonbonded interactions              16.000320        1440.029     0.1
 Calc Weights                            18.300366         658.813     0.0
 Spread Q Bspline                       780.815616        1561.631     0.1
 Gather F Bspline                       780.815616        4684.894     0.2
 3D-FFT                              239708.394072     1917667.153    97.0
 Solve PME                              176.403528       11289.826     0.6
 Reset In Box                             0.061122           0.183     0.0
 CG-CoM                                   0.061244           0.184     0.0
 Bonds                                    2.350047         138.653     0.0
 Angles                                  11.600232        1948.839     0.1
 Propers                                 20.000400        4580.092     0.2
 Impropers                                0.600012         124.802     0.0
 Virial                                   0.083667           1.506     0.0
 Stop-CM                                  0.061244           0.612     0.0
 Calc-Ekin                                1.220244          32.947     0.0
 Lincs                                    3.700222         222.013     0.0
 Lincs-Mat                               24.001440          96.006     0.0
 Constraint-V                             7.400296          66.603     0.0
 Constraint-Vir                           0.037074           0.890     0.0
-----------------------------------------------------------------------------
 Total                                                 1976725.011   100.0
-----------------------------------------------------------------------------


    D O M A I N   D E C O M P O S I T I O N   S T A T I S T I C S

 av. #atoms communicated per step for force:  2 x 0.0
 av. #atoms communicated per step for LINCS:  2 x 0.0


      R E A L   C Y C L E   A N D   T I M E   A C C O U N T I N G

On 1 MPI rank, each using 16 OpenMP threads

 Activity:              Num   Num      Call    Wall time         Giga-Cycles
                        Ranks Threads  Count      (s)         total sum    %
--------------------------------------------------------------------------------
 Domain decomp.            1   16        501       0.077          2.567   0.2
 Neighbor search           1   16        501       0.013          0.444   0.0
 Force                     1   16      50001       1.219         40.863   4.0
 PME mesh                  1   16      50001      27.325        915.948  88.6
 NB X/F buffer ops.        1   16      99501       0.653         21.900   2.1
 COM pull force            1   16      50001       0.094          3.143   0.3
 Write traj.               1   16        201       0.033          1.101   0.1
 Update                    1   16      50001       0.503         16.869   1.6
 Constraints               1   16      50003       0.594         19.897   1.9
 Rest                                              0.323         10.821   1.0
--------------------------------------------------------------------------------
 Total                                            30.833       1033.553 100.0
--------------------------------------------------------------------------------
 Breakdown of PME mesh activities
--------------------------------------------------------------------------------
 PME spread                1   16     100002       3.641        122.052  11.8
 PME gather                1   16     100002       3.039        101.860   9.9
 PME 3D-FFT                1   16     200004      16.819        563.801  54.5
 PME solve LJ              1   16      50001       2.716         91.059   8.8
 PME solve Elec            1   16      50001       0.829         27.790   2.7
--------------------------------------------------------------------------------

               Core t (s)   Wall t (s)        (%)
       Time:      493.323       30.833     1600.0
                 (ns/day)    (hour/ns)
Performance:      280.225        0.086
Finished mdrun on rank 0 Mon Apr 15 17:56:14 2024

